INFO  2019-08-01 20:07:43,986 (Saros.java:220) Starting Saros 14.10.31 running:
  Java Version: 1.8.0_161
  Java Vendor: Oracle Corporation
  Eclipse Runtime Version: 3.11.1.v20150903-1804
  Operating System: Windows 10 (10.0)
  Hardware Architecture: amd64
INFO  2019-08-01 20:07:44,017 (SarosContext.java:153) creating Saros runtime context...
DEBUG 2019-08-01 20:07:44,048 (XMPPAccountStore.java:117) loading accounts from file: C:\Users\Undead\.saros\config.dat
DEBUG 2019-08-01 20:07:44,408 (XMPPAccountStore.java:176) loaded 2 account(s)
INFO  2019-08-01 20:07:44,579 (SarosContext.java:199) successfully created Saros runtime context
DEBUG 2019-08-01 20:07:44,595 (DataTransferManager.java:467) used transport order for the current XMPP connection: [XMPP-Socks5-Transport, XMPP-IBB-Transport]
INFO  2019-08-01 20:07:44,626 (PreferenceInitializer.java:50) initializing preference default values
DEBUG 2019-08-01 20:07:44,673 (SarosAnnotation.java:117) resetting annotation colors
DEBUG 2019-08-01 20:07:44,751 (Saros.java:430) skipping conversion of old XMPP accounts, because there are already new ones
DEBUG 2019-08-01 20:07:51,205 (WhiteboardManager.java:194) WhiteboardManager instantiated
DEBUG 2019-08-01 20:07:51,223 (DocumentRecord.java:93) Added Node: attr(156468647122042866) name=svg
DEBUG 2019-08-01 20:07:51,325 (XMPPConnectionService.java:439) started Socks5 proxy on port: 7777 [listening on all interfaces]
DEBUG 2019-08-01 20:07:52,299 (XMPPConnectionService.java:459) using autodetected addresses: [192.168.1.67, 2001:0:2851:7ae4:be:3900:3f57:febc, fe80:0:0:0:be:3900:3f57:febc%net5, 2001:8a0:7f16:c01:2d4d:1e53:3dcd:582a, 2001:8a0:7f16:c01:647e:3819:b326:8d6b, fe80:0:0:0:2d4d:1e53:3dcd:582a%wlan4]
DEBUG 2019-08-01 20:07:52,303 (XMPPConnectionService.java:398)  new connection state == CONNECTING
DEBUG 2019-08-01 20:07:53,348 (XMPPConnectionService.java:398) sasori@jabberes.org/Saros new connection state == CONNECTED
DEBUG 2019-08-01 20:07:53,348 (DataTransferManager.java:467) used transport order for the current XMPP connection: [XMPP-Socks5-Transport, XMPP-IBB-Transport]
DEBUG 2019-08-01 20:07:53,350 (SkypeManager.java:289) Refreshing Skype username cache...
WARN  2019-08-01 20:08:02,895 (StunServiceImpl.java:420) received no response from STUN server stunserver.org/67.227.226.240:3478 at local address /192.168.1.67:0
DEBUG 2019-08-01 20:08:56,273 (XMPPConnectionService.java:398) sasori@jabberes.org/Saros new connection state == DISCONNECTING
DEBUG 2019-08-01 20:08:56,427 (XMPPConnectionService.java:398)  new connection state == NOT_CONNECTED
DEBUG 2019-08-01 20:08:56,429 (UPnPServiceImpl.java:295) deleting existing port mappings
